<?xml version="1.0" encoding="UTF-8"?>
<!-- Generated by org.testng.reporters.JUnitReportReporter -->
<testsuite hostname="DESKTOP-242UEBJ" failures="0" tests="1" name="SeleniumTest.SeleniumTest.HomePageTest" time="0.244" errors="0" timestamp="2021-09-22T12:43:32 IST" skipped="0">
  <testcase classname="SeleniumTest.SeleniumTest.HomePageTest" name="testHomePageLinks" time="0.244"/>
  <system-out/>
</testsuite> <!-- SeleniumTest.SeleniumTest.HomePageTest -->
